[09:05:04] [main/INFO] [LaunchWrapper]: Loading tweak class name net.minecraftforge.fml.common.launcher.FMLTweaker
[09:05:04] [main/INFO] [LaunchWrapper]: Using primary tweak class name net.minecraftforge.fml.common.launcher.FMLTweaker
[09:05:04] [main/INFO] [LaunchWrapper]: Calling tweak class net.minecraftforge.fml.common.launcher.FMLTweaker
[09:05:04] [main/INFO] [FML]: Forge Mod Loader version 14.23.5.2854 for Minecraft 1.12.2 loading
[09:05:04] [main/INFO] [FML]: Java is Java HotSpot(TM) 64-Bit Server VM, version 1.8.0_251, running on Windows 10:amd64:10.0, installed at C:\Program Files\Java\jre1.8.0_251
[09:05:05] [main/INFO] [FML]: Searching C:\Users\sanch\Downloads\MultiMC (3)\MultiMC\instances\UNSTABLE SANIKraft\.minecraft\mods for mods
[09:05:05] [main/WARN] [FML]: Found FMLCorePluginContainsFMLMod marker in albedo-1.12.2-1.1.0.jar. This is not recommended, @Mods should be in a separate jar from the coremod.
[09:05:05] [main/WARN] [FML]: The coremod FMLPlugin (elucent.albedo.asm.FMLPlugin) is not signed!
[09:05:05] [main/WARN] [FML]: Found FMLCorePluginContainsFMLMod marker in AppleCore-mc1.12.2-3.4.0.jar. This is not recommended, @Mods should be in a separate jar from the coremod.
[09:05:05] [main/WARN] [FML]: The coremod AppleCore (squeek.applecore.AppleCore) is not signed!
[09:05:05] [main/INFO] [FML]: Loading tweaker guichaguri.betterfps.tweaker.BetterFpsTweaker from BetterFps-1.4.8.jar
[09:05:05] [main/INFO] [FML]: Loading tweaker org.spongepowered.asm.launch.MixinTweaker from betterportals-0.3.7.7.jar
[09:05:05] [main/WARN] [FML]: The coremod com.bloodnbonesgaming.bnbgamingcore.core.BNBGamingCorePlugin does not have a MCVersion annotation, it may cause issues with this version of Minecraft
[09:05:05] [main/WARN] [FML]: The coremod BNBGamingCore (com.bloodnbonesgaming.bnbgamingcore.core.BNBGamingCorePlugin) is not signed!
[09:05:05] [main/WARN] [FML]: Found FMLCorePluginContainsFMLMod marker in CTM-MC1.12.2-1.0.2.31.jar. This is not recommended, @Mods should be in a separate jar from the coremod.
[09:05:05] [main/WARN] [FML]: The coremod team.chisel.ctm.client.asm.CTMCorePlugin does not have a MCVersion annotation, it may cause issues with this version of Minecraft
[09:05:05] [main/WARN] [FML]: The coremod CTMCorePlugin (team.chisel.ctm.client.asm.CTMCorePlugin) is not signed!
[09:05:05] [main/WARN] [FML]: Found FMLCorePluginContainsFMLMod marker in foamfix-0.10.10-1.12.2.jar. This is not recommended, @Mods should be in a separate jar from the coremod.
[09:05:05] [main/WARN] [FML]: The coremod pl.asie.foamfix.coremod.FoamFixCore does not have a MCVersion annotation, it may cause issues with this version of Minecraft
[09:05:05] [main/WARN] [FML]: Found FMLCorePluginContainsFMLMod marker in Forgelin-1.8.3.jar. This is not recommended, @Mods should be in a separate jar from the coremod.
[09:05:05] [main/WARN] [FML]: The coremod net.shadowfacts.forgelin.preloader.ForgelinPlugin does not have a MCVersion annotation, it may cause issues with this version of Minecraft
[09:05:05] [main/WARN] [FML]: The coremod ForgelinPlugin (net.shadowfacts.forgelin.preloader.ForgelinPlugin) is not signed!
[09:05:05] [main/WARN] [FML]: Found FMLCorePluginContainsFMLMod marker in Mekanism-1.12.2-9.8.3.390.jar. This is not recommended, @Mods should be in a separate jar from the coremod.
[09:05:05] [main/WARN] [FML]: The coremod mekanism.coremod.MekanismCoremod does not have a MCVersion annotation, it may cause issues with this version of Minecraft
[09:05:05] [main/WARN] [FML]: The coremod MekanismCoremod (mekanism.coremod.MekanismCoremod) is not signed!
[09:05:05] [main/WARN] [FML]: Found FMLCorePluginContainsFMLMod marker in OpenModsLib-1.12.2-0.12.2.jar. This is not recommended, @Mods should be in a separate jar from the coremod.
[09:05:05] [main/WARN] [FML]: The coremod openmods.core.OpenModsCorePlugin does not have a MCVersion annotation, it may cause issues with this version of Minecraft
[09:05:05] [main/WARN] [FML]: Found FMLCorePluginContainsFMLMod marker in Quark-r1.6-179.jar. This is not recommended, @Mods should be in a separate jar from the coremod.
[09:05:05] [main/WARN] [FML]: The coremod Quark Plugin (vazkii.quark.base.asm.LoadingPlugin) is not signed!
[09:05:05] [main/WARN] [FML]: Found FMLCorePluginContainsFMLMod marker in ResourceLoader-MC1.12.1-1.5.3.jar. This is not recommended, @Mods should be in a separate jar from the coremod.
[09:05:05] [main/WARN] [FML]: The coremod lumien.resourceloader.asm.LoadingPlugin does not have a MCVersion annotation, it may cause issues with this version of Minecraft
[09:05:05] [main/WARN] [FML]: Found FMLCorePluginContainsFMLMod marker in SmoothFont-mc1.12.2-2.1.2.jar. This is not recommended, @Mods should be in a separate jar from the coremod.
[09:05:05] [main/WARN] [FML]: The coremod bre.smoothfont.asm.CorePlugin does not have a MCVersion annotation, it may cause issues with this version of Minecraft
[09:05:05] [main/WARN] [FML]: The coremod CorePlugin (bre.smoothfont.asm.CorePlugin) is not signed!
[09:05:05] [main/INFO] [TickCentral]: Loading: com.github.terminatornl.laggoggles.tickcentral.Initializer
[09:05:05] [main/INFO] [TickCentral]: Loaded 1 addons.
[09:05:05] [main/WARN] [FML]: The coremod com.github.terminatornl.tickcentral.TickCentral does not have a MCVersion annotation, it may cause issues with this version of Minecraft
[09:05:06] [main/INFO] [TickCentral]: TickCentral is initialized! Please ignore the warning about the missing MCVersion annotation, as this mod is intended to last across many Minecraft versions!
[09:05:06] [main/INFO] [LaunchWrapper]: Loading tweak class name net.minecraftforge.fml.common.launcher.FMLInjectionAndSortingTweaker
[09:05:06] [main/INFO] [LaunchWrapper]: Loading tweak class name guichaguri.betterfps.tweaker.BetterFpsTweaker
[09:05:06] [main/INFO] [LaunchWrapper]: Loading tweak class name org.spongepowered.asm.launch.MixinTweaker
[09:05:06] [main/INFO] [mixin]: SpongePowered MIXIN Subsystem Version=0.7.11 Source=file:/C:/Users/sanch/Downloads/MultiMC%20(3)/MultiMC/instances/UNSTABLE%20SANIKraft/.minecraft/mods/betterportals-0.3.7.7.jar Service=LaunchWrapper Env=CLIENT
