[17:30:10] [Client thread/INFO] [JMLogger] JourneyMap log initialized.
[17:30:10] [Client thread/INFO] [JourneymapClient] initialize ENTER
[17:30:10] [Client thread/WARN] [PropertiesBase] core (Initialized) Bad configField entry during updateFrom(): optionsManagerViewed=null
[17:30:10] [Client thread/WARN] [PropertiesBase] core (Initialized) Bad configField entry during updateFrom(): splashViewed=null
[17:30:10] [Client thread/INFO] [?] Version: JourneyMap 1.12.2-5.7.1, built with Forge 14.23.5.2768
Forge: 14.23.5.2854
Environment: os.name, os.arch, java.version, user.country, user.language=null, game language=en_us, locale=en_us
Features: 
	RadarPlayers : singleplayer = true , multiplayer = true
	RadarAnimals : singleplayer = true , multiplayer = true
	RadarMobs : singleplayer = true , multiplayer = true
	RadarVillagers : singleplayer = true , multiplayer = true
	MapTopo : singleplayer = true , multiplayer = true
	MapSurface : singleplayer = true , multiplayer = true
	MapCaves : singleplayer = true , multiplayer = true
MiniMapProperties{state=Valid, file=journeymap.minimap.config, configVersion=5.7.1, zoomLevel=0, showPlayers=true, frameAlpha=100, compassFontScale=1, terrainAlpha=100, showEntityNames=true, enabled=true, showPlayerHeading=true, showVillagers=true, info2Label=Game Time, sizePercent=30, showDayNight=true, info3Label=Location, showMobs=true, showPets=true, preferredMapType=day, showCompass=true, mobDisplay=Small Dots, showReticle=true, orientation=North, systemTimeRealFormat=HH:mm:ss, shape=Circle, showSelf=true, info4Label=Biome, locationFormat=xzyv, playerDisplay=Small Dots, showGrid=true, reticleOrientation=Compass, gameTimeRealFormat=HH:mm:ss, showWaypoints=true, showCaves=true, showAnimals=true, showMobHeading=true, showWaypointLabels=true, locationFormatVerbose=true, position=Top Right, info1Label=Blank, fontScale=1}
MiniMapProperties{state=Valid, file=journeymap.minimap2.config, configVersion=5.7.1, zoomLevel=0, showPlayers=true, frameAlpha=100, compassFontScale=1, terrainAlpha=100, showEntityNames=true, enabled=true, showPlayerHeading=true, showVillagers=true, info2Label=Game Time, sizePercent=30, showDayNight=true, info3Label=Location, showMobs=true, showPets=true, preferredMapType=day, showCompass=true, mobDisplay=Small Dots, showReticle=true, orientation=North, systemTimeRealFormat=HH:mm:ss, shape=Rectangle, showSelf=true, info4Label=Biome, locationFormat=xzyv, playerDisplay=Small Dots, showGrid=true, reticleOrientation=Compass, gameTimeRealFormat=HH:mm:ss, showWaypoints=true, showCaves=true, showAnimals=true, showMobHeading=true, showWaypointLabels=true, locationFormatVerbose=true, position=Top Right, info1Label=Blank, fontScale=1}
FullMapProperties{state=Valid, file=journeymap.fullmap.config, configVersion=5.7.1, mobDisplay=Small Dots, zoomLevel=0, showPlayers=true, showSelf=true, locationFormat=xzyv, playerDisplay=Small Dots, showGrid=true, showEntityNames=true, showPlayerHeading=true, showVillagers=true, showWaypoints=true, showCaves=true, showAnimals=true, showMobHeading=true, showKeys=true, showWaypointLabels=true, locationFormatVerbose=true, showMobs=true, showPets=true, fontScale=1, preferredMapType=day}
WaypointProperties{state=Valid, file=journeymap.waypoint.config, configVersion=5.7.1, autoRemoveDeathpointDistance=2, createDeathpoints=true, showName=true, dateFormat=MM-dd-yyyy, autoRemoveDeathpoints=false, maxDistance=0, autoHideLabel=true, teleportCommand=/tp {name} {x} {y} {z}, showStaticBeam=true, minDistance=4, timeFormat=HH:mm:ss, boldLabel=false, textureSmall=true, showDeathpointlabel=true, showDistance=true, showRotatingBeam=true, fontScale=2, showTexture=true, managerEnabled=true, beaconEnabled=true}
WebMapProperties{state=Valid, file=journeymap.webmap.config, configVersion=5.7.1, zoomLevel=0, showWaypoints=true, showCaves=true, showSelf=true, port=8080, showGrid=true, showEntityNames=true, enabled=false, preferredMapType=day}
CoreProperties{state=Valid, file=journeymap.core.config, configVersion=5.7.1, verboseColorPalette=false, maxPlayersData=32, mapSurfaceAboveCaves=true, optionsManagerViewed=null, announceMod=true, colorPassive=#bbbbbb, renderOverlayEventTypeName=ALL, mapBlendWater=false, renderDistanceSurfaceMax=7, radarVerticalDistance=16, mapBlendGrass=true, recordCacheStats=false, hideSneakingEntities=true, revealShape=Circle, alwaysMapSurface=false, colorVillager=#88e188, mapPlants=false, colorPet=#0077ff, radarLateralDistance=64, mapBathymetry=false, mapCrops=true, maxMobsData=32, mapPlantShadows=false, alwaysMapCaves=false, checkUpdates=true, browserPoll=2000, mapBlendFoliage=true, mappingEnabled=true, colorPlayer=#ffffff, tileHighDisplayQuality=true, cacheVillagersData=2200, logLevel=INFO, maxVillagersData=32, maxAnimalsData=32, mapTransparency=true, tileRenderType=1, caveIgnoreGlass=true, mapTopography=true, renderDistanceCaveMax=3, mapAntialiasing=true, colorSelf=#0000ff, cachePlayersData=2000, cacheMobsData=3000, cachePlayerData=1000, splashViewed=null, colorHostile=#ff0000, cacheAnimalsData=3100, themeName=OceanMonument, mapCaveLighting=true, renderDelay=2, renderOverlayPreEvent=true, autoMapPoll=2000}
[17:30:10] [Client thread/INFO] [ClientAPI] [ClientAPI] built with JourneyMap API 1.4
[17:30:10] [Client thread/INFO] [PluginHelper] Initializing plugins with Client API: journeymap.client.api.impl.ClientAPI
[17:30:10] [Client thread/INFO] [JourneymapClient] initialize EXIT, elapsed count 0 avg ?ms
[17:30:17] [Client thread/DEBUG] [JourneymapClient] postInitialize ENTER
[17:30:17] [Client thread/DEBUG] [EventHandlerManager] Handler registered: journeymap.client.forge.event.KeyEventHandler
[17:30:17] [Client thread/DEBUG] [EventHandlerManager] Handler registered: journeymap.client.forge.event.ChatEventHandler
[17:30:17] [Client thread/DEBUG] [EventHandlerManager] Handler registered: journeymap.client.forge.event.StateTickHandler
[17:30:17] [Client thread/DEBUG] [EventHandlerManager] Handler registered: journeymap.client.forge.event.WorldEventHandler
[17:30:17] [Client thread/DEBUG] [EventHandlerManager] Handler registered: journeymap.client.forge.event.WaypointBeaconHandler
[17:30:17] [Client thread/DEBUG] [EventHandlerManager] Handler registered: journeymap.client.forge.event.TextureAtlasHandler
[17:30:17] [Client thread/DEBUG] [EventHandlerManager] Handler registered: journeymap.client.forge.event.MiniMapOverlayHandler
[17:30:17] [Client thread/DEBUG] [EventHandlerManager] Handler registered: journeymap.client.forge.event.PlayerConnectHandler
[17:30:17] [Client thread/DEBUG] [EventHandlerManager] Handler registered: journeymap.client.world.ChunkMonitor
[17:30:17] [Client thread/ERROR] [FileHandler] Couldn't locate icons for Default: Z:\Downloads\MultiMC\MultiMC\instances\UNSTABLE%20SANIKcraft\.minecraft\mods\journeymap-1.12.2-5.7.1.jar\assets\journeymap\icon\entity
[17:30:17] [Client thread/INFO] [IconSetFileHandler] Added entity icons from journeymap:icon/entity. Success: false
[17:30:17] [Client thread/TRACE] [ThemeLoader] Initializing themes ...
[17:30:17] [Client thread/ERROR] [FileHandler] Couldn't locate icons for flat: Z:\Downloads\MultiMC\MultiMC\instances\UNSTABLE%20SANIKcraft\.minecraft\mods\journeymap-1.12.2-5.7.1.jar\assets\journeymap\theme\flat
[17:30:17] [Client thread/INFO] [ThemeLoader] Preloaded theme textures: 0
[17:30:17] [Client thread/DEBUG] [JourneymapClient] postInitialize EXIT, elapsed§8 count §r1§8 avg §r284.5§8ms§r
[17:30:47] [Client thread/WARN] [PropertiesBase] core (Initialized) Bad configField entry during updateFrom(): optionsManagerViewed=null
[17:30:47] [Client thread/WARN] [PropertiesBase] core (Initialized) Bad configField entry during updateFrom(): splashViewed=null
[17:30:47] [Client thread/INFO] [WaypointStore] Loaded 0 waypoints from Z:\Downloads\MultiMC\MultiMC\instances\UNSTABLE SANIKcraft\.minecraft\journeymap\data\sp\New World2\waypoints
[17:30:47] [Client thread/INFO] [JourneymapClient] Mapping started in Z:\Downloads\MultiMC\MultiMC\instances\UNSTABLE SANIKcraft\.minecraft\journeymap\data\sp\New World2\DIM0. Memory: 3150MB total, 1340MB free 
[17:30:51] [Client thread/INFO] [ChatLog] JourneyMap: Press [J]
[17:54:35] [Client thread/INFO] [JourneymapClient] Mapping halted in Z:\Downloads\MultiMC\MultiMC\instances\UNSTABLE SANIKcraft\.minecraft\journeymap\data\sp\New World2\DIM-1
[17:54:35] [Client thread/INFO] [StateTickHandler] Kevylar died at BlockPos{x=126, y=76, z=-122}. Deathpoints enabled: true. Deathpoint created: true
[17:54:37] [Client thread/WARN] [PropertiesBase] core (Initialized) Bad configField entry during updateFrom(): optionsManagerViewed=null
[17:54:37] [Client thread/WARN] [PropertiesBase] core (Initialized) Bad configField entry during updateFrom(): splashViewed=null
[17:54:37] [Client thread/INFO] [WaypointStore] Loaded 1 waypoints from Z:\Downloads\MultiMC\MultiMC\instances\UNSTABLE SANIKcraft\.minecraft\journeymap\data\sp\New World2\waypoints
[17:54:37] [Client thread/INFO] [JourneymapClient] Mapping started in Z:\Downloads\MultiMC\MultiMC\instances\UNSTABLE SANIKcraft\.minecraft\journeymap\data\sp\New World2\DIM0. Memory: 3758MB total, 843MB free 
[17:56:04] [Client thread/INFO] [JourneymapClient] Mapping halted in Z:\Downloads\MultiMC\MultiMC\instances\UNSTABLE SANIKcraft\.minecraft\journeymap\data\sp\New World2\DIM-1
[17:56:04] [Client thread/INFO] [StateTickHandler] Kevylar died at BlockPos{x=141, y=68, z=-115}. Deathpoints enabled: true. Deathpoint created: true
[17:56:05] [Client thread/WARN] [PropertiesBase] core (Initialized) Bad configField entry during updateFrom(): optionsManagerViewed=null
[17:56:05] [Client thread/WARN] [PropertiesBase] core (Initialized) Bad configField entry during updateFrom(): splashViewed=null
[17:56:05] [Client thread/INFO] [WaypointStore] Loaded 2 waypoints from Z:\Downloads\MultiMC\MultiMC\instances\UNSTABLE SANIKcraft\.minecraft\journeymap\data\sp\New World2\waypoints
[17:56:05] [Client thread/INFO] [JourneymapClient] Mapping started in Z:\Downloads\MultiMC\MultiMC\instances\UNSTABLE SANIKcraft\.minecraft\journeymap\data\sp\New World2\DIM0. Memory: 3781MB total, 474MB free 
[17:56:20] [Client thread/INFO] [JourneymapClient] Mapping halted in Z:\Downloads\MultiMC\MultiMC\instances\UNSTABLE SANIKcraft\.minecraft\journeymap\data\sp\New World2\DIM-1
[17:56:20] [Client thread/INFO] [StateTickHandler] Kevylar died at BlockPos{x=131, y=70, z=-114}. Deathpoints enabled: true. Deathpoint created: true
[17:56:22] [Client thread/WARN] [PropertiesBase] core (Initialized) Bad configField entry during updateFrom(): optionsManagerViewed=null
[17:56:22] [Client thread/WARN] [PropertiesBase] core (Initialized) Bad configField entry during updateFrom(): splashViewed=null
[17:56:22] [Client thread/INFO] [WaypointStore] Loaded 3 waypoints from Z:\Downloads\MultiMC\MultiMC\instances\UNSTABLE SANIKcraft\.minecraft\journeymap\data\sp\New World2\waypoints
[17:56:22] [Client thread/INFO] [JourneymapClient] Mapping started in Z:\Downloads\MultiMC\MultiMC\instances\UNSTABLE SANIKcraft\.minecraft\journeymap\data\sp\New World2\DIM0. Memory: 3730MB total, 1129MB free 
[17:56:38] [Client thread/INFO] [JourneymapClient] Mapping halted in Z:\Downloads\MultiMC\MultiMC\instances\UNSTABLE SANIKcraft\.minecraft\journeymap\data\sp\New World2\DIM-1
[17:56:38] [Client thread/INFO] [StateTickHandler] Kevylar died at BlockPos{x=131, y=67, z=-112}. Deathpoints enabled: true. Deathpoint created: true
[17:56:40] [Client thread/WARN] [PropertiesBase] core (Initialized) Bad configField entry during updateFrom(): optionsManagerViewed=null
[17:56:40] [Client thread/WARN] [PropertiesBase] core (Initialized) Bad configField entry during updateFrom(): splashViewed=null
[17:56:40] [Client thread/INFO] [WaypointStore] Loaded 4 waypoints from Z:\Downloads\MultiMC\MultiMC\instances\UNSTABLE SANIKcraft\.minecraft\journeymap\data\sp\New World2\waypoints
[17:56:40] [Client thread/INFO] [JourneymapClient] Mapping started in Z:\Downloads\MultiMC\MultiMC\instances\UNSTABLE SANIKcraft\.minecraft\journeymap\data\sp\New World2\DIM0. Memory: 3958MB total, 1874MB free 
[17:57:52] [Client thread/INFO] [JourneymapClient] Mapping halted in Z:\Downloads\MultiMC\MultiMC\instances\UNSTABLE SANIKcraft\.minecraft\journeymap\data\sp\New World2\DIM-1
[17:57:52] [Client thread/INFO] [StateTickHandler] Kevylar died at BlockPos{x=112, y=65, z=-117}. Deathpoints enabled: true. Deathpoint created: true
[17:57:54] [Client thread/WARN] [PropertiesBase] core (Initialized) Bad configField entry during updateFrom(): optionsManagerViewed=null
[17:57:54] [Client thread/WARN] [PropertiesBase] core (Initialized) Bad configField entry during updateFrom(): splashViewed=null
[17:57:54] [Client thread/INFO] [WaypointStore] Loaded 5 waypoints from Z:\Downloads\MultiMC\MultiMC\instances\UNSTABLE SANIKcraft\.minecraft\journeymap\data\sp\New World2\waypoints
[17:57:54] [Client thread/INFO] [JourneymapClient] Mapping started in Z:\Downloads\MultiMC\MultiMC\instances\UNSTABLE SANIKcraft\.minecraft\journeymap\data\sp\New World2\DIM0. Memory: 4066MB total, 1150MB free 
[17:58:27] [Client thread/INFO] [JourneymapClient] Mapping halted in Z:\Downloads\MultiMC\MultiMC\instances\UNSTABLE SANIKcraft\.minecraft\journeymap\data\sp\New World2\DIM-1
[17:58:27] [Client thread/INFO] [StateTickHandler] Kevylar died at BlockPos{x=131, y=67, z=-108}. Deathpoints enabled: true. Deathpoint created: true
[17:58:29] [Client thread/WARN] [PropertiesBase] core (Initialized) Bad configField entry during updateFrom(): optionsManagerViewed=null
[17:58:29] [Client thread/WARN] [PropertiesBase] core (Initialized) Bad configField entry during updateFrom(): splashViewed=null
[17:58:29] [Client thread/INFO] [WaypointStore] Loaded 6 waypoints from Z:\Downloads\MultiMC\MultiMC\instances\UNSTABLE SANIKcraft\.minecraft\journeymap\data\sp\New World2\waypoints
[17:58:29] [Client thread/INFO] [JourneymapClient] Mapping started in Z:\Downloads\MultiMC\MultiMC\instances\UNSTABLE SANIKcraft\.minecraft\journeymap\data\sp\New World2\DIM0. Memory: 3987MB total, 1732MB free 
[17:59:10] [Client thread/INFO] [JourneymapClient] Mapping halted in Z:\Downloads\MultiMC\MultiMC\instances\UNSTABLE SANIKcraft\.minecraft\journeymap\data\sp\New World2\DIM-1
[17:59:10] [Client thread/INFO] [StateTickHandler] Kevylar died at BlockPos{x=133, y=67, z=-110}. Deathpoints enabled: true. Deathpoint created: true
[17:59:12] [Client thread/WARN] [PropertiesBase] core (Initialized) Bad configField entry during updateFrom(): optionsManagerViewed=null
[17:59:12] [Client thread/WARN] [PropertiesBase] core (Initialized) Bad configField entry during updateFrom(): splashViewed=null
[17:59:12] [Client thread/INFO] [WaypointStore] Loaded 7 waypoints from Z:\Downloads\MultiMC\MultiMC\instances\UNSTABLE SANIKcraft\.minecraft\journeymap\data\sp\New World2\waypoints
[17:59:12] [Client thread/INFO] [JourneymapClient] Mapping started in Z:\Downloads\MultiMC\MultiMC\instances\UNSTABLE SANIKcraft\.minecraft\journeymap\data\sp\New World2\DIM0. Memory: 4015MB total, 923MB free 
[18:00:02] [Client thread/INFO] [JourneymapClient] Mapping halted in Z:\Downloads\MultiMC\MultiMC\instances\UNSTABLE SANIKcraft\.minecraft\journeymap\data\sp\New World2\DIM-1
[18:00:02] [Client thread/INFO] [StateTickHandler] Kevylar died at BlockPos{x=131, y=67, z=-99}. Deathpoints enabled: true. Deathpoint created: true
[18:00:04] [Client thread/WARN] [PropertiesBase] core (Initialized) Bad configField entry during updateFrom(): optionsManagerViewed=null
[18:00:04] [Client thread/WARN] [PropertiesBase] core (Initialized) Bad configField entry during updateFrom(): splashViewed=null
[18:00:04] [Client thread/INFO] [WaypointStore] Loaded 8 waypoints from Z:\Downloads\MultiMC\MultiMC\instances\UNSTABLE SANIKcraft\.minecraft\journeymap\data\sp\New World2\waypoints
[18:00:04] [Client thread/INFO] [JourneymapClient] Mapping started in Z:\Downloads\MultiMC\MultiMC\instances\UNSTABLE SANIKcraft\.minecraft\journeymap\data\sp\New World2\DIM0. Memory: 4039MB total, 1356MB free 
[18:00:32] [Client thread/INFO] [JourneymapClient] Mapping halted in Z:\Downloads\MultiMC\MultiMC\instances\UNSTABLE SANIKcraft\.minecraft\journeymap\data\sp\New World2\DIM-1
[18:00:32] [Client thread/INFO] [StateTickHandler] Kevylar died at BlockPos{x=131, y=66, z=-137}. Deathpoints enabled: true. Deathpoint created: true
[18:00:34] [Client thread/WARN] [PropertiesBase] core (Initialized) Bad configField entry during updateFrom(): optionsManagerViewed=null
[18:00:34] [Client thread/WARN] [PropertiesBase] core (Initialized) Bad configField entry during updateFrom(): splashViewed=null
[18:00:34] [Client thread/INFO] [WaypointStore] Loaded 9 waypoints from Z:\Downloads\MultiMC\MultiMC\instances\UNSTABLE SANIKcraft\.minecraft\journeymap\data\sp\New World2\waypoints
[18:00:34] [Client thread/INFO] [JourneymapClient] Mapping started in Z:\Downloads\MultiMC\MultiMC\instances\UNSTABLE SANIKcraft\.minecraft\journeymap\data\sp\New World2\DIM0. Memory: 4036MB total, 389MB free 
[18:00:41] [Client thread/INFO] [JourneymapClient] Mapping halted in Z:\Downloads\MultiMC\MultiMC\instances\UNSTABLE SANIKcraft\.minecraft\journeymap\data\sp\New World2\DIM-1
[18:00:41] [Client thread/INFO] [StateTickHandler] Kevylar died at BlockPos{x=148, y=69, z=-124}. Deathpoints enabled: true. Deathpoint created: true
[18:00:43] [Client thread/WARN] [PropertiesBase] core (Initialized) Bad configField entry during updateFrom(): optionsManagerViewed=null
[18:00:43] [Client thread/WARN] [PropertiesBase] core (Initialized) Bad configField entry during updateFrom(): splashViewed=null
[18:00:43] [Client thread/INFO] [WaypointStore] Loaded 10 waypoints from Z:\Downloads\MultiMC\MultiMC\instances\UNSTABLE SANIKcraft\.minecraft\journeymap\data\sp\New World2\waypoints
[18:00:43] [Client thread/INFO] [JourneymapClient] Mapping started in Z:\Downloads\MultiMC\MultiMC\instances\UNSTABLE SANIKcraft\.minecraft\journeymap\data\sp\New World2\DIM0. Memory: 3980MB total, 194MB free 
[18:00:49] [Client thread/INFO] [JourneymapClient] Mapping halted in Z:\Downloads\MultiMC\MultiMC\instances\UNSTABLE SANIKcraft\.minecraft\journeymap\data\sp\New World2\DIM-1
[18:00:49] [Client thread/INFO] [StateTickHandler] Kevylar died at BlockPos{x=149, y=67, z=-127}. Deathpoints enabled: true. Deathpoint created: true
[18:00:51] [Client thread/WARN] [PropertiesBase] core (Initialized) Bad configField entry during updateFrom(): optionsManagerViewed=null
[18:00:51] [Client thread/WARN] [PropertiesBase] core (Initialized) Bad configField entry during updateFrom(): splashViewed=null
[18:00:52] [Client thread/INFO] [WaypointStore] Loaded 11 waypoints from Z:\Downloads\MultiMC\MultiMC\instances\UNSTABLE SANIKcraft\.minecraft\journeymap\data\sp\New World2\waypoints
[18:00:52] [Client thread/INFO] [JourneymapClient] Mapping started in Z:\Downloads\MultiMC\MultiMC\instances\UNSTABLE SANIKcraft\.minecraft\journeymap\data\sp\New World2\DIM0. Memory: 4074MB total, 1679MB free 
[18:01:00] [Client thread/INFO] [JourneymapClient] Mapping halted in Z:\Downloads\MultiMC\MultiMC\instances\UNSTABLE SANIKcraft\.minecraft\journeymap\data\sp\New World2\DIM-1
[18:01:00] [Client thread/INFO] [StateTickHandler] Kevylar died at BlockPos{x=122, y=66, z=-112}. Deathpoints enabled: true. Deathpoint created: true
[18:01:03] [Client thread/WARN] [PropertiesBase] core (Initialized) Bad configField entry during updateFrom(): optionsManagerViewed=null
[18:01:03] [Client thread/WARN] [PropertiesBase] core (Initialized) Bad configField entry during updateFrom(): splashViewed=null
[18:01:03] [Client thread/INFO] [WaypointStore] Loaded 12 waypoints from Z:\Downloads\MultiMC\MultiMC\instances\UNSTABLE SANIKcraft\.minecraft\journeymap\data\sp\New World2\waypoints
[18:01:03] [Client thread/INFO] [JourneymapClient] Mapping started in Z:\Downloads\MultiMC\MultiMC\instances\UNSTABLE SANIKcraft\.minecraft\journeymap\data\sp\New World2\DIM0. Memory: 4062MB total, 1582MB free 
[18:01:10] [Client thread/INFO] [JourneymapClient] Mapping halted in Z:\Downloads\MultiMC\MultiMC\instances\UNSTABLE SANIKcraft\.minecraft\journeymap\data\sp\New World2\DIM-1
[18:01:10] [Client thread/INFO] [StateTickHandler] Kevylar died at BlockPos{x=137, y=67, z=-113}. Deathpoints enabled: true. Deathpoint created: true
[18:01:12] [Client thread/WARN] [PropertiesBase] core (Initialized) Bad configField entry during updateFrom(): optionsManagerViewed=null
[18:01:12] [Client thread/WARN] [PropertiesBase] core (Initialized) Bad configField entry during updateFrom(): splashViewed=null
[18:01:12] [Client thread/INFO] [WaypointStore] Loaded 13 waypoints from Z:\Downloads\MultiMC\MultiMC\instances\UNSTABLE SANIKcraft\.minecraft\journeymap\data\sp\New World2\waypoints
[18:01:12] [Client thread/INFO] [JourneymapClient] Mapping started in Z:\Downloads\MultiMC\MultiMC\instances\UNSTABLE SANIKcraft\.minecraft\journeymap\data\sp\New World2\DIM0. Memory: 4039MB total, 1762MB free 
[18:03:00] [Client thread/INFO] [JourneymapClient] Mapping halted in Z:\Downloads\MultiMC\MultiMC\instances\UNSTABLE SANIKcraft\.minecraft\journeymap\data\sp\New World2\DIM-1
[18:03:01] [Client thread/INFO] [StateTickHandler] Kevylar died at BlockPos{x=131, y=256, z=-121}. Deathpoints enabled: true. Deathpoint created: true
[18:03:03] [Client thread/WARN] [PropertiesBase] core (Initialized) Bad configField entry during updateFrom(): optionsManagerViewed=null
[18:03:03] [Client thread/WARN] [PropertiesBase] core (Initialized) Bad configField entry during updateFrom(): splashViewed=null
[18:03:03] [Client thread/INFO] [WaypointStore] Loaded 14 waypoints from Z:\Downloads\MultiMC\MultiMC\instances\UNSTABLE SANIKcraft\.minecraft\journeymap\data\sp\New World2\waypoints
[18:03:03] [Client thread/INFO] [JourneymapClient] Mapping started in Z:\Downloads\MultiMC\MultiMC\instances\UNSTABLE SANIKcraft\.minecraft\journeymap\data\sp\New World2\DIM0. Memory: 4143MB total, 1780MB free 
[18:03:09] [Client thread/INFO] [StateTickHandler] Kevylar died at BlockPos{x=132, y=67, z=-115}. Deathpoints enabled: true. Deathpoint created: true
[18:03:18] [Client thread/INFO] [StateTickHandler] Kevylar died at BlockPos{x=132, y=67, z=-108}. Deathpoints enabled: true. Deathpoint created: true
[18:03:26] [Client thread/INFO] [StateTickHandler] Kevylar died at BlockPos{x=132, y=67, z=-114}. Deathpoints enabled: true. Deathpoint created: true
[18:04:18] [Client thread/INFO] [StateTickHandler] Kevylar died at BlockPos{x=163, y=78, z=-63}. Deathpoints enabled: true. Deathpoint created: true
[18:04:27] [Client thread/INFO] [StateTickHandler] Kevylar died at BlockPos{x=135, y=67, z=-104}. Deathpoints enabled: true. Deathpoint created: true
[18:04:37] [Client thread/INFO] [StateTickHandler] Kevylar died at BlockPos{x=131, y=67, z=-102}. Deathpoints enabled: true. Deathpoint created: true
[18:04:47] [Client thread/INFO] [StateTickHandler] Kevylar died at BlockPos{x=130, y=67, z=-106}. Deathpoints enabled: true. Deathpoint created: true
[18:04:59] [Client thread/INFO] [StateTickHandler] Kevylar died at BlockPos{x=131, y=67, z=-132}. Deathpoints enabled: true. Deathpoint created: true
[18:05:29] [Client thread/INFO] [StateTickHandler] Kevylar died at BlockPos{x=131, y=67, z=-134}. Deathpoints enabled: true. Deathpoint created: true
[18:05:41] [JM-texture-3/ERROR] [IgnSkin] Error getting player id: https://api.mojang.com/users/profiles/minecraft/mysticdrew?at=1594454740 : Remote host closed connection during handshake
[18:05:41] [JM-texture-2/ERROR] [IgnSkin] Error getting player id: https://api.mojang.com/users/profiles/minecraft/techbrew?at=1594454740 : Remote host closed connection during handshake
[18:05:44] [JM-texture-2/ERROR] [IgnSkin] Error getting player id: https://api.mojang.com/users/profiles/minecraft/gdude2002?at=1594454742 : Remote host closed connection during handshake
[18:05:45] [JM-texture-3/ERROR] [IgnSkin] Error getting player id: https://api.mojang.com/users/profiles/minecraft/AlexDurrani?at=1594454744 : Remote host closed connection during handshake
[18:05:46] [JM-texture-2/ERROR] [IgnSkin] Error getting player id: https://api.mojang.com/users/profiles/minecraft/_TheEndless_?at=1594454745 : Remote host closed connection during handshake
[18:05:49] [JM-texture-2/ERROR] [IgnSkin] Error getting player id: https://api.mojang.com/users/profiles/minecraft/eladjenkins?at=1594454747 : Remote host closed connection during handshake
[18:06:07] [Client thread/INFO] [StateTickHandler] Kevylar died at BlockPos{x=131, y=67, z=-113}. Deathpoints enabled: true. Deathpoint created: true
[18:06:19] [Client thread/INFO] [StateTickHandler] Kevylar died at BlockPos{x=131, y=67, z=-115}. Deathpoints enabled: true. Deathpoint created: true
[18:18:27] [Client thread/INFO] [StateTickHandler] Kevylar died at BlockPos{x=401, y=67, z=-313}. Deathpoints enabled: true. Deathpoint created: true
[18:18:47] [Client thread/INFO] [StateTickHandler] Kevylar died at BlockPos{x=133, y=67, z=-103}. Deathpoints enabled: true. Deathpoint created: true
[18:26:20] [Client thread/INFO] [StatTimer] TileDrawStep.updateRegionTexture hit max count, 1000000
[18:26:20] [Client thread/INFO] [StatTimer] TileDrawStep.draw(low) hit max count, 1000000
[18:31:39] [Client thread/INFO] [StateTickHandler] Kevylar died at BlockPos{x=1117, y=67, z=-832}. Deathpoints enabled: true. Deathpoint created: true
[18:31:41] [Client thread/INFO] [JourneymapClient] Mapping halted in Z:\Downloads\MultiMC\MultiMC\instances\UNSTABLE SANIKcraft\.minecraft\journeymap\data\sp\New World2\DIM0
